<?xml version="1.0" encoding="UTF-8"?>
<!-- Generated by org.testng.reporters.JUnitXMLReporter -->
<testsuite ignored="0" hostname="LM0001778" failures="0" tests="8" name="Test" time="56.7" errors="0" timestamp="2022-05-02T18:16:29 IST">
  <testcase classname="com.redBus.qa.tests.HomePageTest" name="homePageTitleTest" time="0.014"/>
  <testcase classname="com.redBus.qa.tests.HomePageTest" name="validateRedBusLogoTest" time="0.037"/>
  <testcase classname="com.redBus.qa.tests.HomePageTest" name="verifyFromfieldPresence" time="0.034"/>
  <testcase classname="com.redBus.qa.tests.HomePageTest" name="verifyTofieldPresence" time="0.029"/>
  <testcase classname="com.redBus.qa.tests.HomePageTest" name="verifyDatefieldPresence" time="0.027"/>
  <testcase classname="com.redBus.qa.tests.HomePageTest" name="searchTest" time="1.355"/>
  <testcase classname="com.redBus.qa.tests.SearchResultPageTest" name="validateLogo" time="0.045"/>
  <testcase classname="com.redBus.qa.tests.SearchResultPageTest" name="searchResultTest" time="3.065"/>
</testsuite> <!-- Test -->
