<?xml version="1.0" encoding="UTF-8"?>
<testng-results ignored="0" total="8" passed="8" failed="0" skipped="0">
  <reporter-output>
  </reporter-output>
  <suite started-at="2022-05-02T18:15:33 IST" name="Suite" finished-at="2022-05-02T18:16:29 IST" duration-ms="56700">
    <groups>
    </groups>
    <test started-at="2022-05-02T18:15:33 IST" name="Test" finished-at="2022-05-02T18:16:29 IST" duration-ms="56700">
      <class name="com.redBus.qa.tests.HomePageTest">
        <test-method is-config="true" signature="setUp()[pri:0, instance:com.redBus.qa.tests.HomePageTest@1d2adfbe]" started-at="2022-05-02T18:15:33 IST" name="setUp" finished-at="2022-05-02T18:15:38 IST" duration-ms="5589" status="PASS">
          <reporter-output>
          </reporter-output>
        </test-method> <!-- setUp -->
        <test-method signature="homePageTitleTest()[pri:0, instance:com.redBus.qa.tests.HomePageTest@1d2adfbe]" started-at="2022-05-02T18:15:38 IST" name="homePageTitleTest" finished-at="2022-05-02T18:15:38 IST" duration-ms="14" status="PASS">
          <reporter-output>
          </reporter-output>
        </test-method> <!-- homePageTitleTest -->
        <test-method is-config="true" signature="tearDown(org.testng.ITestResult)[pri:0, instance:com.redBus.qa.tests.HomePageTest@1d2adfbe]" started-at="2022-05-02T18:15:38 IST" name="tearDown" finished-at="2022-05-02T18:15:39 IST" duration-ms="1093" status="PASS">
          <params>
            <param index="0">
              <value>
                <![CDATA[[TestResult name=homePageTitleTest status=SUCCESS method=HomePageTest.homePageTitleTest()[pri:0, instance:com.redBus.qa.tests.HomePageTest@1d2adfbe] output={null}]]]>
              </value>
            </param>
          </params>
          <reporter-output>
          </reporter-output>
        </test-method> <!-- tearDown -->
        <test-method is-config="true" signature="setUp()[pri:0, instance:com.redBus.qa.tests.HomePageTest@1d2adfbe]" started-at="2022-05-02T18:15:39 IST" name="setUp" finished-at="2022-05-02T18:15:46 IST" duration-ms="6169" status="PASS">
          <reporter-output>
          </reporter-output>
        </test-method> <!-- setUp -->
        <test-method signature="validateRedBusLogoTest()[pri:1, instance:com.redBus.qa.tests.HomePageTest@1d2adfbe]" started-at="2022-05-02T18:15:46 IST" name="validateRedBusLogoTest" finished-at="2022-05-02T18:15:46 IST" duration-ms="37" status="PASS">
          <reporter-output>
          </reporter-output>
        </test-method> <!-- validateRedBusLogoTest -->
        <test-method is-config="true" signature="tearDown(org.testng.ITestResult)[pri:0, instance:com.redBus.qa.tests.HomePageTest@1d2adfbe]" started-at="2022-05-02T18:15:46 IST" name="tearDown" finished-at="2022-05-02T18:15:47 IST" duration-ms="1095" status="PASS">
          <params>
            <param index="0">
              <value>
                <![CDATA[[TestResult name=validateRedBusLogoTest status=SUCCESS method=HomePageTest.validateRedBusLogoTest()[pri:1, instance:com.redBus.qa.tests.HomePageTest@1d2adfbe] output={null}]]]>
              </value>
            </param>
          </params>
          <reporter-output>
          </reporter-output>
        </test-method> <!-- tearDown -->
        <test-method is-config="true" signature="setUp()[pri:0, instance:com.redBus.qa.tests.HomePageTest@1d2adfbe]" started-at="2022-05-02T18:15:47 IST" name="setUp" finished-at="2022-05-02T18:15:51 IST" duration-ms="4459" status="PASS">
          <reporter-output>
          </reporter-output>
        </test-method> <!-- setUp -->
        <test-method signature="verifyFromfieldPresence()[pri:2, instance:com.redBus.qa.tests.HomePageTest@1d2adfbe]" started-at="2022-05-02T18:15:51 IST" name="verifyFromfieldPresence" finished-at="2022-05-02T18:15:51 IST" duration-ms="34" status="PASS">
          <reporter-output>
          </reporter-output>
        </test-method> <!-- verifyFromfieldPresence -->
        <test-method is-config="true" signature="tearDown(org.testng.ITestResult)[pri:0, instance:com.redBus.qa.tests.HomePageTest@1d2adfbe]" started-at="2022-05-02T18:15:51 IST" name="tearDown" finished-at="2022-05-02T18:15:52 IST" duration-ms="1091" status="PASS">
          <params>
            <param index="0">
              <value>
                <![CDATA[[TestResult name=verifyFromfieldPresence status=SUCCESS method=HomePageTest.verifyFromfieldPresence()[pri:2, instance:com.redBus.qa.tests.HomePageTest@1d2adfbe] output={null}]]]>
              </value>
            </param>
          </params>
          <reporter-output>
          </reporter-output>
        </test-method> <!-- tearDown -->
        <test-method is-config="true" signature="setUp()[pri:0, instance:com.redBus.qa.tests.HomePageTest@1d2adfbe]" started-at="2022-05-02T18:15:52 IST" name="setUp" finished-at="2022-05-02T18:15:58 IST" duration-ms="5862" status="PASS">
          <reporter-output>
          </reporter-output>
        </test-method> <!-- setUp -->
        <test-method signature="verifyTofieldPresence()[pri:3, instance:com.redBus.qa.tests.HomePageTest@1d2adfbe]" started-at="2022-05-02T18:15:58 IST" name="verifyTofieldPresence" finished-at="2022-05-02T18:15:58 IST" duration-ms="29" status="PASS">
          <reporter-output>
          </reporter-output>
        </test-method> <!-- verifyTofieldPresence -->
        <test-method is-config="true" signature="tearDown(org.testng.ITestResult)[pri:0, instance:com.redBus.qa.tests.HomePageTest@1d2adfbe]" started-at="2022-05-02T18:15:58 IST" name="tearDown" finished-at="2022-05-02T18:15:59 IST" duration-ms="1091" status="PASS">
          <params>
            <param index="0">
              <value>
                <![CDATA[[TestResult name=verifyTofieldPresence status=SUCCESS method=HomePageTest.verifyTofieldPresence()[pri:3, instance:com.redBus.qa.tests.HomePageTest@1d2adfbe] output={null}]]]>
              </value>
            </param>
          </params>
          <reporter-output>
          </reporter-output>
        </test-method> <!-- tearDown -->
        <test-method is-config="true" signature="setUp()[pri:0, instance:com.redBus.qa.tests.HomePageTest@1d2adfbe]" started-at="2022-05-02T18:15:59 IST" name="setUp" finished-at="2022-05-02T18:16:05 IST" duration-ms="6211" status="PASS">
          <reporter-output>
          </reporter-output>
        </test-method> <!-- setUp -->
        <test-method signature="verifyDatefieldPresence()[pri:4, instance:com.redBus.qa.tests.HomePageTest@1d2adfbe]" started-at="2022-05-02T18:16:05 IST" name="verifyDatefieldPresence" finished-at="2022-05-02T18:16:05 IST" duration-ms="27" status="PASS">
          <reporter-output>
          </reporter-output>
        </test-method> <!-- verifyDatefieldPresence -->
        <test-method is-config="true" signature="tearDown(org.testng.ITestResult)[pri:0, instance:com.redBus.qa.tests.HomePageTest@1d2adfbe]" started-at="2022-05-02T18:16:05 IST" name="tearDown" finished-at="2022-05-02T18:16:07 IST" duration-ms="1093" status="PASS">
          <params>
            <param index="0">
              <value>
                <![CDATA[[TestResult name=verifyDatefieldPresence status=SUCCESS method=HomePageTest.verifyDatefieldPresence()[pri:4, instance:com.redBus.qa.tests.HomePageTest@1d2adfbe] output={null}]]]>
              </value>
            </param>
          </params>
          <reporter-output>
          </reporter-output>
        </test-method> <!-- tearDown -->
        <test-method is-config="true" signature="setUp()[pri:0, instance:com.redBus.qa.tests.HomePageTest@1d2adfbe]" started-at="2022-05-02T18:16:07 IST" name="setUp" finished-at="2022-05-02T18:16:11 IST" duration-ms="4307" status="PASS">
          <reporter-output>
          </reporter-output>
        </test-method> <!-- setUp -->
        <test-method signature="searchTest()[pri:5, instance:com.redBus.qa.tests.HomePageTest@1d2adfbe]" started-at="2022-05-02T18:16:11 IST" name="searchTest" finished-at="2022-05-02T18:16:12 IST" duration-ms="1355" status="PASS">
          <reporter-output>
          </reporter-output>
        </test-method> <!-- searchTest -->
        <test-method is-config="true" signature="tearDown(org.testng.ITestResult)[pri:0, instance:com.redBus.qa.tests.HomePageTest@1d2adfbe]" started-at="2022-05-02T18:16:12 IST" name="tearDown" finished-at="2022-05-02T18:16:13 IST" duration-ms="1097" status="PASS">
          <params>
            <param index="0">
              <value>
                <![CDATA[[TestResult name=searchTest status=SUCCESS method=HomePageTest.searchTest()[pri:5, instance:com.redBus.qa.tests.HomePageTest@1d2adfbe] output={null}]]]>
              </value>
            </param>
          </params>
          <reporter-output>
          </reporter-output>
        </test-method> <!-- tearDown -->
      </class> <!-- com.redBus.qa.tests.HomePageTest -->
      <class name="com.redBus.qa.tests.SearchResultPageTest">
        <test-method is-config="true" signature="setUp()[pri:0, instance:com.redBus.qa.tests.SearchResultPageTest@2a65fe7c]" started-at="2022-05-02T18:16:13 IST" name="setUp" finished-at="2022-05-02T18:16:19 IST" duration-ms="5269" status="PASS">
          <reporter-output>
          </reporter-output>
        </test-method> <!-- setUp -->
        <test-method signature="validateLogo()[pri:0, instance:com.redBus.qa.tests.SearchResultPageTest@2a65fe7c]" started-at="2022-05-02T18:16:19 IST" name="validateLogo" finished-at="2022-05-02T18:16:19 IST" duration-ms="45" status="PASS">
          <reporter-output>
          </reporter-output>
        </test-method> <!-- validateLogo -->
        <test-method is-config="true" signature="tearDown(org.testng.ITestResult)[pri:0, instance:com.redBus.qa.tests.SearchResultPageTest@2a65fe7c]" started-at="2022-05-02T18:16:19 IST" name="tearDown" finished-at="2022-05-02T18:16:20 IST" duration-ms="1095" status="PASS">
          <params>
            <param index="0">
              <value>
                <![CDATA[[TestResult name=validateLogo status=SUCCESS method=SearchResultPageTest.validateLogo()[pri:0, instance:com.redBus.qa.tests.SearchResultPageTest@2a65fe7c] output={null}]]]>
              </value>
            </param>
          </params>
          <reporter-output>
          </reporter-output>
        </test-method> <!-- tearDown -->
        <test-method is-config="true" signature="setUp()[pri:0, instance:com.redBus.qa.tests.SearchResultPageTest@2a65fe7c]" started-at="2022-05-02T18:16:20 IST" name="setUp" finished-at="2022-05-02T18:16:25 IST" duration-ms="5424" status="PASS">
          <reporter-output>
          </reporter-output>
        </test-method> <!-- setUp -->
        <test-method signature="searchResultTest()[pri:1, instance:com.redBus.qa.tests.SearchResultPageTest@2a65fe7c]" started-at="2022-05-02T18:16:25 IST" name="searchResultTest" finished-at="2022-05-02T18:16:28 IST" duration-ms="3065" status="PASS">
          <reporter-output>
          </reporter-output>
        </test-method> <!-- searchResultTest -->
        <test-method is-config="true" signature="tearDown(org.testng.ITestResult)[pri:0, instance:com.redBus.qa.tests.SearchResultPageTest@2a65fe7c]" started-at="2022-05-02T18:16:28 IST" name="tearDown" finished-at="2022-05-02T18:16:29 IST" duration-ms="1113" status="PASS">
          <params>
            <param index="0">
              <value>
                <![CDATA[[TestResult name=searchResultTest status=SUCCESS method=SearchResultPageTest.searchResultTest()[pri:1, instance:com.redBus.qa.tests.SearchResultPageTest@2a65fe7c] output={null}]]]>
              </value>
            </param>
          </params>
          <reporter-output>
          </reporter-output>
        </test-method> <!-- tearDown -->
      </class> <!-- com.redBus.qa.tests.SearchResultPageTest -->
    </test> <!-- Test -->
  </suite> <!-- Suite -->
</testng-results>
